<?xml version="1.0" encoding="UTF-8"?>
<beans xmlns="http://www.springframework.org/schema/beans"
       xmlns:xsi="http://www.w3.org/2001/XMLSchema-instance"
       xmlns:context="http://www.springframework.org/schema/context"
       xmlns:cache="http://www.springframework.org/schema/cache"
       xmlns:aop="http://www.springframework.org/schema/aop"
       xsi:schemaLocation="
        http://www.springframework.org/schema/beans http://www.springframework.org/schema/beans/spring-beans.xsd
        http://www.springframework.org/schema/context http://www.springframework.org/schema/context/spring-context.xsd
        http://www.springframework.org/schema/aop http://www.springframework.org/schema/aop/spring-aop-3.0.xsd
        http://www.springframework.org/schema/cache http://www.springframework.org/schema/cache/spring-cache.xsd">

    <!-- Turn on AspectJ @Configurable support -->
    <context:spring-configured />
    <context:annotation-config />
    <context:component-scan base-package="fi.zcode" />

    <!-- Enable cache annotations -->
    <cache:annotation-driven />

    <!-- Create some simple test caches. -->
    <bean id="cacheManager" class="org.springframework.cache.support.SimpleCacheManager">
        <property name="caches">
            <set>
                <bean class="org.springframework.cache.concurrent.ConcurrentMapCacheFactoryBean">
                    <property name="name" value="default"/>
                </bean>
                <bean class="org.springframework.cache.concurrent.ConcurrentMapCacheFactoryBean">
                    <property name="name" value="foo_locale"/>
                </bean>
                <bean class="org.springframework.cache.concurrent.ConcurrentMapCacheFactoryBean">
                    <property name="name" value="foo_locales"/>
                </bean>
                <bean class="org.springframework.cache.concurrent.ConcurrentMapCacheFactoryBean">
                    <property name="name" value="bar_locale"/>
                </bean>
                <bean class="org.springframework.cache.concurrent.ConcurrentMapCacheFactoryBean">
                    <property name="name" value="bar_locales"/>
                </bean>
            </set>
        </property>
    </bean>

    <!-- Turn on @Autowired, @PostConstruct etc support -->
    <bean class="org.springframework.beans.factory.annotation.AutowiredAnnotationBeanPostProcessor" />
    <bean class="org.springframework.context.annotation.CommonAnnotationBeanPostProcessor" />

    <bean id="barService" class="fi.zcode.spring_cache.BarServiceImpl" />

    <!--
      Make calls to BarServiceImpl (MyService) cacheable. That class is not annotated.
    -->
    <cache:advice id="cacheAdviceBarServiceImpl" cache-manager="cacheManager">
        <cache:caching cache="bar_locale">
            <cache:cacheable method="findLocale" key="#localeCode"/>
        </cache:caching>
        <cache:caching cache="bar_locales">
            <cache:cacheable method="findLocales"/>
        </cache:caching>
    </cache:advice>

    <!-- apply the cacheable behaviour to all MySubService interfaces -->
    <aop:config>
        <aop:advisor advice-ref="cacheAdviceBarServiceImpl" pointcut="execution(* fi.zcode.spring_cache.MyService.*(..))"/>
    </aop:config>

</beans>
