<?xml version="1.0" encoding="UTF-8"?>
<beans xmlns="http://www.springframework.org/schema/beans"
       xmlns:xsi="http://www.w3.org/2001/XMLSchema-instance"
       xmlns:context="http://www.springframework.org/schema/context"
       xmlns:cache="http://www.springframework.org/schema/cache"
       xmlns:aop="http://www.springframework.org/schema/aop"
       xmlns:p="http://www.springframework.org/schema/p"
       xsi:schemaLocation="
        http://www.springframework.org/schema/beans http://www.springframework.org/schema/beans/spring-beans.xsd
        http://www.springframework.org/schema/context http://www.springframework.org/schema/context/spring-context.xsd
        http://www.springframework.org/schema/aop http://www.springframework.org/schema/aop/spring-aop-3.0.xsd
        http://www.springframework.org/schema/cache http://www.springframework.org/schema/cache/spring-cache.xsd">

    <!-- Turn on AspectJ @Configurable support -->
    <context:spring-configured/>
    <context:annotation-config/>
    <context:component-scan base-package="fi.zcode"/>

    <!-- Enable cache annotations -->
    <cache:annotation-driven/>

    <!-- Configure EHCache with some simple caches: foo_locale(s), bar_locale(s) caches. -->
    <bean id="cacheManager" class="org.springframework.cache.ehcache.EhCacheCacheManager"
          p:cacheManager-ref="ehcache"/>

    <bean id="ehcache" class="org.springframework.cache.ehcache.EhCacheManagerFactoryBean"
          p:configLocation="ehcache.xml"
          p:shared="true"/>

    <!-- Turn on @Autowired, @PostConstruct etc support -->
    <bean class="org.springframework.beans.factory.annotation.AutowiredAnnotationBeanPostProcessor"/>
    <bean class="org.springframework.context.annotation.CommonAnnotationBeanPostProcessor"/>

    <!--
      Configure BarServiceImpl to use method caching.
    -->
    <bean id="barService" class="fi.zcode.spring_cache.BarServiceImpl"/>

    <!--
      Make calls to BarServiceImpl (BarService) cacheable. That class/interface is not annotated.
    -->
    <cache:advice id="cacheAdviceBarServiceImpl" cache-manager="cacheManager">
        <cache:caching cache="bar_locale">
            <cache:cacheable method="findLocale" key="#localeCode"/>
        </cache:caching>
        <cache:caching cache="bar_locales">
            <cache:cacheable method="findLocales"/>
        </cache:caching>
    </cache:advice>

    <!-- apply the cacheable behaviour to all BarService interface implementations. -->
    <aop:config>
        <aop:advisor advice-ref="cacheAdviceBarServiceImpl"
                     pointcut="execution(* fi.zcode.spring_cache.BarService.*(..))"/>
    </aop:config>

</beans>
